INFO:  latexindent.pl version 3.10, 2021-06-19, a script to indent .tex files
       latexindent.pl lives here: /opt/homebrew/Cellar/latexindent/3.10/libexec/bin/
       Wed Sep  1 09:15:30 2021
       Filename: CMake-tutorial.tex
INFO:  Processing switches:
INFO:  Directory for backup files and indent.log: .
INFO:  Perl modules are being loaded from the following directories:
       /opt/homebrew/Cellar/perl/5.34.0/lib/perl5/5.34.0/FindBin.pm
       /opt/homebrew/Cellar/latexindent/3.10/libexec/lib/perl5/YAML/Tiny.pm
       /opt/homebrew/Cellar/perl/5.34.0/lib/perl5/5.34.0/File/Copy.pm
       /opt/homebrew/Cellar/perl/5.34.0/lib/perl5/5.34.0/File/Basename.pm
       /opt/homebrew/Cellar/perl/5.34.0/lib/perl5/5.34.0/Getopt/Long.pm
       /opt/homebrew/Cellar/latexindent/3.10/libexec/lib/perl5/File/HomeDir.pm
       /opt/homebrew/Cellar/latexindent/3.10/libexec/lib/perl5/darwin-thread-multi-2level/Unicode/GCString.pm
INFO:  LatexIndent perl modules are being loaded from, for example:
       /opt/homebrew/Cellar/latexindent/3.10/libexec/lib/perl5/LatexIndent/Document.pm
INFO:  YAML settings read: defaultSettings.yaml
       Reading defaultSettings.yaml from /opt/homebrew/Cellar/latexindent/3.10/libexec/bin/defaultSettings.yaml
INFO:  YAML settings read: indentconfig.yaml or .indentconfig.yaml
       Home directory is /Users/wjq (didn't find either indentconfig.yaml or .indentconfig.yaml)
       To specify user settings you would put indentconfig.yaml here: /Users/wjq/indentconfig.yaml
       Alternatively, you can use the hidden file .indentconfig.yaml as: /Users/wjq/.indentconfig.yaml
FATAL ERROR: I couldn't find CMake-tutorial.tex, are you sure it exists?
       No indentation done.
       Exiting.
       --------------
INFO:  Please direct all communication/issues to:
        https://github.com/cmhughes/latexindent.pl
