\BOOKMARK [1][-]{section.1}{\376\377\000I\000n\000t\000r\000o\000d\000u\000c\000t\000i\000o\000n}{}% 1
\BOOKMARK [2][-]{subsection.1.1}{\376\377\000T\000h\000e\000\040\000C\000a\000s\000e\000\040\000f\000o\000r\000\040\000S\000t\000a\000n\000d\000a\000r\000d\000i\000z\000a\000t\000i\000o\000n}{section.1}% 2
\BOOKMARK [2][-]{subsection.1.2}{\376\377\000G\000o\000a\000l\000\040\000o\000f\000\040\000t\000h\000e\000\040\000B\000o\000o\000k}{section.1}% 3
\BOOKMARK [2][-]{subsection.1.3}{\376\377\000S\000t\000r\000u\000c\000t\000u\000r\000e\000\040\000o\000f\000\040\000t\000h\000e\000\040\000B\000o\000o\000k}{section.1}% 4
\BOOKMARK [2][-]{subsection.1.4}{\376\377\000S\000o\000u\000r\000c\000e\000\040\000C\000o\000d\000e\000\040\000i\000n\000\040\000t\000h\000i\000s\000\040\000B\000o\000o\000k}{section.1}% 5
\BOOKMARK [1][-]{section.2}{\376\377\000M\000a\000t\000h\000e\000m\000a\000t\000i\000c\000a\000l\000\040\000C\000o\000n\000c\000e\000p\000t\000s}{}% 6
\BOOKMARK [2][-]{subsection.2.1}{\376\377\000T\000h\000e\000\040\000F\000i\000n\000i\000t\000e\000\040\000E\000l\000e\000m\000e\000n\000t\000\040\000M\000e\000t\000h\000o\000d}{section.2}% 7
\BOOKMARK [3][-]{subsubsection.2.1.1}{\376\377\000W\000e\000a\000k\000\040\000F\000o\000r\000m\000u\000l\000a\000t\000i\000o\000n}{subsection.2.1}% 8
\BOOKMARK [3][-]{subsubsection.2.1.2}{\376\377\000D\000i\000s\000c\000r\000e\000t\000i\000z\000a\000t\000i\000o\000n\000\040\000b\000y\000\040\000F\000i\000n\000i\000t\000e\000\040\000E\000l\000e\000m\000e\000n\000t\000\040\000M\000e\000t\000h\000o\000d\000s}{subsection.2.1}% 9
\BOOKMARK [3][-]{subsubsection.2.1.3}{\376\377\000C\000o\000m\000p\000u\000t\000i\000n\000g\000\040\000t\000h\000e\000\040\000`\000S\000t\000i\000f\000f\000n\000e\000s\000s\000\040\000M\000a\000t\000r\000i\000x\000`}{subsection.2.1}% 10
\BOOKMARK [3][-]{subsubsection.2.1.4}{\376\377\000D\000e\000a\000l\000i\000n\000g\000\040\000w\000i\000t\000h\000\040\000D\000i\000r\000i\000c\000h\000l\000e\000t\000\040\000B\000o\000u\000n\000d\000a\000r\000y\000\040\000C\000o\000n\000d\000i\000t\000i\000o\000n\000s}{subsection.2.1}% 11
\BOOKMARK [2][-]{subsection.2.2}{\376\377\000T\000h\000e\000\040\000F\000i\000n\000i\000t\000e\000\040\000V\000o\000l\000u\000m\000e\000\040\000M\000e\000t\000h\000o\000d}{section.2}% 12
\BOOKMARK [3][-]{subsubsection.2.2.1}{\376\377\000C\000o\000n\000s\000e\000r\000v\000a\000t\000i\000o\000n\000\040\000L\000a\000w\000s}{subsection.2.2}% 13
\BOOKMARK [3][-]{subsubsection.2.2.2}{\376\377\000S\000e\000c\000o\000n\000d\000-\000O\000r\000d\000e\000r\000\040\000E\000l\000l\000i\000p\000t\000i\000c\000\040\000E\000q\000u\000a\000t\000i\000o\000n\000s}{subsection.2.2}% 14
\BOOKMARK [2][-]{subsection.2.3}{\376\377\000L\000o\000c\000a\000l\000\040\000G\000r\000i\000d\000\040\000A\000d\000a\000p\000t\000i\000v\000i\000t\000y}{section.2}% 15
\BOOKMARK [3][-]{subsubsection.2.3.1}{\376\377\000L\000o\000c\000a\000l\000\040\000A\000d\000a\000p\000t\000i\000v\000i\000t\000y\000\040\000o\000f\000\040\000G\000r\000i\000d\000s\000\040\000a\000n\000d\000\040\000F\000i\000n\000i\000t\000e\000\040\000E\000l\000e\000m\000e\000n\000t\000\040\000S\000p\000a\000c\000e\000s}{subsection.2.3}% 16
\BOOKMARK [3][-]{subsubsection.2.3.2}{\376\377\000\040\000`\000h\000-\000R\000e\000f\000i\000n\000e\000m\000e\000n\000t\000`}{subsection.2.3}% 17
\BOOKMARK [3][-]{subsubsection.2.3.3}{\376\377\000H\000i\000e\000r\000a\000r\000c\000h\000i\000c\000a\000l\000\040\000G\000r\000i\000d\000s\000\040\000a\000n\000d\000\040\000R\000e\000f\000i\000n\000e\000m\000e\000n\000t\000\040\000T\000r\000e\000e\000s}{subsection.2.3}% 18
\BOOKMARK [1][-]{section.3}{\376\377\000G\000e\000t\000t\000i\000n\000g\000\040\000S\000t\000a\000r\000t\000e\000d\000\040\000w\000i\000t\000h\000\040\000D\000u\000n\000e}{}% 19
\BOOKMARK [2][-]{subsection.3.1}{\376\377\000I\000n\000s\000t\000a\000l\000l\000a\000t\000i\000o\000n\000\040\000o\000f\000\040\000D\000u\000n\000e}{section.3}% 20
\BOOKMARK [3][-]{subsubsection.3.1.1}{\376\377\000I\000n\000s\000t\000a\000l\000l\000a\000t\000i\000o\000n\000\040\000f\000r\000o\000m\000\040\000B\000i\000n\000a\000r\000y\000\040\000P\000a\000c\000k\000a\000g\000e\000s}{subsection.3.1}% 21
\BOOKMARK [3][-]{subsubsection.3.1.2}{\376\377\000I\000n\000s\000t\000a\000l\000l\000a\000t\000i\000o\000n\000\040\000f\000r\000o\000m\000\040\000S\000o\000u\000r\000c\000e}{subsection.3.1}% 22
\BOOKMARK [2][-]{subsection.3.2}{\376\377\000A\000\040\000F\000i\000r\000s\000t\000\040\000D\000u\000n\000e\000\040\000A\000p\000p\000l\000i\000c\000a\000t\000i\000o\000n}{section.3}% 23
\BOOKMARK [3][-]{subsubsection.3.2.1}{\376\377\000C\000r\000e\000a\000t\000i\000n\000g\000\040\000a\000\040\000n\000e\000w\000\040\000M\000o\000d\000u\000l\000e}{subsection.3.2}% 24
\BOOKMARK [3][-]{subsubsection.3.2.2}{\376\377\000T\000e\000s\000t\000i\000n\000g\000\040\000t\000h\000e\000\040\000n\000e\000w\000\040\000M\000o\000d\000u\000l\000e}{subsection.3.2}% 25
\BOOKMARK [2][-]{subsection.3.3}{\376\377\000E\000x\000a\000m\000p\000l\000e\000:\000\040\000S\000o\000l\000v\000i\000n\000g\000\040\000t\000h\000e\000\040\000`\000P\000o\000i\000s\000s\000o\000n\000`\000\040\000E\000q\000u\000a\000t\000i\000o\000n\000\040\000U\000s\000i\000n\000g\000\040\000F\000i\000n\000i\000t\000e\000\040\000E\000l\000e\000m\000e\000n\000t\000s}{section.3}% 26
\BOOKMARK [3][-]{subsubsection.3.3.1}{\376\377\000T\000h\000e\000\040\000m\000a\000i\000n\000\040\000M\000e\000t\000h\000o\000d}{subsection.3.3}% 27
\BOOKMARK [3][-]{subsubsection.3.3.2}{\376\377\000A\000s\000s\000e\000m\000b\000l\000i\000n\000g\000\040\000t\000h\000e\000\040\000S\000t\000i\000f\000f\000n\000e\000s\000s\000\040\000M\000a\000t\000r\000i\000x}{subsection.3.3}% 28
\BOOKMARK [2][-]{subsection.3.4}{\376\377\000E\000x\000a\000m\000p\000l\000e\000:\000\040\000S\000o\000l\000v\000i\000n\000g\000\040\000t\000h\000e\000\040\000T\000r\000a\000n\000s\000p\000o\000r\000t\000\040\000E\000q\000u\000a\000t\000i\000o\000n\000\040\000w\000i\000t\000h\000\040\000a\000\040\000F\000i\000n\000i\000t\000e\000\040\000V\000o\000l\000u\000m\000e\000\040\000M\000e\000t\000h\000o\000d}{section.3}% 29
\BOOKMARK [3][-]{subsubsection.3.4.1}{\376\377\000D\000i\000s\000c\000r\000e\000t\000e\000\040\000L\000i\000n\000e\000a\000r\000\040\000T\000r\000a\000n\000s\000p\000o\000r\000t\000\040\000E\000q\000u\000a\000t\000i\000o\000n}{subsection.3.4}% 30
\BOOKMARK [3][-]{subsubsection.3.4.2}{\376\377\000T\000h\000e\000\040\000m\000a\000i\000n\000\040\000M\000e\000t\000h\000o\000d}{subsection.3.4}% 31
\BOOKMARK [3][-]{subsubsection.3.4.3}{\376\377\000T\000h\000e\000\040\000e\000v\000o\000l\000v\000e\000\040\000M\000e\000t\000h\000o\000d}{subsection.3.4}% 32
\BOOKMARK [1][-]{section.4}{\376\377\000T\000h\000e\000\040\000D\000e\000s\000i\000g\000n\000\040\000a\000n\000d\000\040\000S\000t\000r\000u\000c\000t\000u\000r\000e}{}% 33
\BOOKMARK [2][-]{subsection.4.1}{\376\377\000S\000o\000f\000t\000w\000a\000r\000e\000\040\000F\000u\000n\000c\000t\000i\000o\000n\000a\000l\000i\000t\000y\000\040\000f\000o\000r\000\040\000F\000i\000n\000i\000t\000e\000\040\000E\000l\000e\000m\000e\000n\000t\000\040\000a\000n\000d\000\040\000F\000i\000n\000i\000t\000e\000\040\000V\000o\000l\000u\000m\000e\000\040\000M\000e\000t\000h\000o\000d\000s}{section.4}% 34
\BOOKMARK [2][-]{subsection.4.2}{\376\377\000T\000h\000e\000\040\000S\000t\000r\000u\000c\000t\000u\000r\000e\000\040\000o\000f\000\040\000D\000u\000n\000e}{section.4}% 35
\BOOKMARK [2][-]{subsection.4.3}{\376\377\000T\000h\000e\000\040\000D\000u\000n\000e\000\040\000C\000o\000r\000e\000\040\000M\000o\000d\000u\000l\000e\000s}{section.4}% 36
\BOOKMARK [2][-]{subsection.4.4}{\376\377\000D\000e\000s\000i\000g\000n\000i\000n\000g\000\040\000E\000f\000f\000i\000c\000i\000e\000n\000t\000\040\000I\000n\000t\000e\000r\000f\000a\000c\000e\000s}{section.4}% 37
\BOOKMARK [3][-]{subsubsection.4.4.1}{\376\377\000A\000b\000s\000t\000r\000a\000c\000t\000\040\000B\000a\000s\000e\000\040\000C\000l\000a\000s\000s\000e\000s}{subsection.4.4}% 38
\BOOKMARK [3][-]{subsubsection.4.4.2}{\376\377\000D\000u\000c\000k\000\040\000T\000y\000p\000i\000n\000g}{subsection.4.4}% 39
\BOOKMARK [3][-]{subsubsection.4.4.3}{\376\377\000W\000r\000a\000p\000p\000e\000r\000s\000\040\000a\000n\000d\000\040\000E\000n\000g\000i\000n\000e\000s}{subsection.4.4}% 40
\BOOKMARK [2][-]{subsection.4.5}{\376\377\000C\000o\000d\000i\000n\000g\000\040\000S\000t\000y\000l\000e}{section.4}% 41
\BOOKMARK [3][-]{subsubsection.4.5.1}{\376\377\000R\000u\000l\000e\000s\000\040\000R\000e\000g\000a\000r\000d\000i\000n\000g\000\040\000t\000h\000e\000\040\000C\000o\000d\000e\000\040\000i\000n\000\040\000a\000\040\000D\000u\000n\000e\000\040\000M\000o\000d\000u\000l\000e}{subsection.4.5}% 42
\BOOKMARK [3][-]{subsubsection.4.5.2}{\376\377\000C\000o\000m\000p\000a\000t\000i\000b\000i\000l\000i\000t\000y\000\040\000w\000i\000t\000h\000\040\000t\000h\000e\000\040\000C\000+\000+\000\040\000S\000t\000a\000n\000d\000a\000r\000d\000\040\000L\000i\000b\000r\000a\000r\000y}{subsection.4.5}% 43
\BOOKMARK [2][-]{subsection.4.6}{\376\377\000I\000n\000t\000e\000r\000f\000a\000c\000e\000\040\000S\000t\000a\000b\000i\000l\000i\000t\000y\000\040\000a\000n\000d\000\040\000B\000a\000c\000k\000w\000a\000r\000d\000\040\000C\000o\000m\000p\000a\000t\000i\000b\000i\000l\000i\000t\000y}{section.4}% 44
\BOOKMARK [1][-]{section.5}{\376\377\000G\000r\000i\000d\000s\000\040\000a\000n\000d\000\040\000t\000h\000e\000\040\000D\000u\000n\000e\000\040\000G\000r\000i\000d\000\040\000I\000n\000t\000e\000r\000f\000a\000c\000e}{}% 45
\BOOKMARK [2][-]{subsection.5.1}{\376\377\000H\000i\000e\000r\000a\000r\000c\000h\000i\000c\000a\000l\000\040\000G\000r\000i\000d\000s\000\040\000a\000n\000d\000\040\000G\000r\000i\000d\000\040\000V\000i\000e\000w\000s}{section.5}% 46
\BOOKMARK [2][-]{subsection.5.2}{\376\377\000I\000t\000e\000r\000a\000t\000i\000n\000g\000\040\000o\000v\000e\000r\000\040\000`\000V\000e\000r\000t\000i\000c\000e\000s\000`\000\040\000a\000n\000d\000\040\000`\000E\000l\000e\000m\000e\000n\000t\000s\000`}{section.5}% 47
\BOOKMARK [2][-]{subsection.5.3}{\376\377\000E\000n\000t\000i\000t\000i\000e\000s\000\040\000a\000n\000d\000\040\000G\000e\000o\000m\000e\000t\000r\000i\000e\000s}{section.5}% 48
\BOOKMARK [3][-]{subsubsection.5.3.1}{\376\377\000E\000n\000t\000i\000t\000i\000e\000s}{subsection.5.3}% 49
\BOOKMARK [3][-]{subsubsection.5.3.2}{\376\377\000G\000e\000o\000m\000e\000t\000r\000i\000e\000s}{subsection.5.3}% 50
\BOOKMARK [2][-]{subsection.5.4}{\376\377\000I\000n\000t\000e\000r\000s\000e\000c\000t\000i\000o\000n\000s\000\040\000B\000e\000t\000w\000e\000e\000n\000\040\000`\000E\000l\000e\000m\000e\000n\000t\000s\000`}{section.5}% 51
\BOOKMARK [3][-]{subsubsection.5.4.1}{\376\377\000I\000n\000t\000e\000r\000s\000e\000c\000t\000i\000o\000n\000s}{subsection.5.4}% 52
\BOOKMARK [3][-]{subsubsection.5.4.2}{\376\377\000I\000t\000e\000r\000a\000t\000i\000n\000g\000\040\000o\000v\000e\000r\000\040\000I\000n\000t\000e\000r\000s\000e\000c\000t\000i\000o\000n\000s}{subsection.5.4}% 53
\BOOKMARK [3][-]{subsubsection.5.4.3}{\376\377\000T\000h\000e\000\040\000`\000I\000n\000t\000e\000r\000s\000e\000c\000t\000i\000o\000n\000`\000\040\000I\000n\000t\000e\000r\000f\000a\000c\000e\000\040\000C\000l\000a\000s\000s}{subsection.5.4}% 54
\BOOKMARK [2][-]{subsection.5.5}{\376\377\000R\000e\000f\000e\000r\000e\000n\000c\000e\000\040\000E\000l\000e\000m\000e\000n\000t\000s}{section.5}% 55
\BOOKMARK [3][-]{subsubsection.5.5.1}{\376\377\000U\000s\000i\000n\000g\000\040\000t\000h\000e\000\040\000D\000u\000n\000e\000\040\000R\000e\000f\000e\000r\000e\000n\000c\000e\000\040\000E\000l\000e\000m\000e\000n\000t\000s}{subsection.5.5}% 56
\BOOKMARK [3][-]{subsubsection.5.5.2}{\376\377\000G\000e\000o\000m\000e\000t\000r\000y\000T\000y\000p\000e\000\040\000a\000n\000d\000\040\000t\000h\000e\000\040\000T\000o\000p\000o\000l\000o\000g\000y\000\040\000I\000d}{subsection.5.5}% 57
\BOOKMARK [2][-]{subsection.5.6}{\376\377\000A\000t\000t\000a\000c\000h\000i\000n\000g\000\040\000D\000a\000t\000a\000\040\000t\000o\000\040\000G\000r\000i\000d\000s}{section.5}% 58
\BOOKMARK [3][-]{subsubsection.5.6.1}{\376\377\000I\000n\000d\000e\000x\000\040\000S\000e\000t\000s\000\040\000a\000n\000d\000\040\000t\000h\000e\000\040\000B\000o\000u\000n\000d\000a\000r\000y\000\040\000S\000e\000g\000m\000e\000n\000t\000\040\000I\000n\000d\000e\000x}{subsection.5.6}% 59
\BOOKMARK [3][-]{subsubsection.5.6.2}{\376\377\000T\000h\000e\000\040\000`\000M\000u\000l\000t\000i\000p\000l\000e\000C\000o\000d\000i\000m\000M\000u\000l\000t\000i\000p\000l\000e\000G\000e\000o\000m\000T\000y\000p\000e\000M\000a\000p\000p\000e\000r\000`\000\040\000C\000l\000a\000s\000s}{subsection.5.6}% 60
\BOOKMARK [3][-]{subsubsection.5.6.3}{\376\377\000P\000e\000r\000s\000i\000s\000t\000e\000n\000t\000\040\000N\000u\000m\000b\000e\000r\000i\000n\000g\000s}{subsection.5.6}% 61
\BOOKMARK [2][-]{subsection.5.7}{\376\377\000C\000r\000e\000a\000t\000i\000n\000g\000\040\000G\000r\000i\000d\000s}{section.5}% 62
\BOOKMARK [3][-]{subsubsection.5.7.1}{\376\377\000C\000r\000e\000a\000t\000i\000n\000g\000\040\000S\000t\000r\000u\000c\000t\000u\000r\000e\000d\000\040\000G\000r\000i\000d\000s}{subsection.5.7}% 63
\BOOKMARK [3][-]{subsubsection.5.7.2}{\376\377\000T\000h\000e\000\040\000G\000r\000i\000d\000\040\000C\000o\000n\000s\000t\000r\000u\000c\000t\000i\000o\000n\000\040\000I\000n\000t\000e\000r\000f\000a\000c\000e}{subsection.5.7}% 64
\BOOKMARK [3][-]{subsubsection.5.7.3}{\376\377\000R\000e\000a\000d\000i\000n\000g\000\040\000U\000n\000s\000t\000r\000u\000c\000t\000u\000r\000e\000d\000\040\000G\000r\000i\000d\000s\000\040\000f\000r\000o\000m\000\040\000G\000m\000s\000h\000\040\000F\000i\000l\000e\000s}{subsection.5.7}% 65
\BOOKMARK [2][-]{subsection.5.8}{\376\377\000W\000r\000i\000t\000i\000n\000g\000\040\000G\000r\000i\000d\000s\000\040\000a\000n\000d\000\040\000D\000a\000t\000a\000\040\000t\000o\000\040\000V\000T\000K\000\040\000F\000i\000l\000e\000s}{section.5}% 66
\BOOKMARK [3][-]{subsubsection.5.8.1}{\376\377\000W\000r\000i\000t\000i\000n\000g\000\040\000G\000r\000i\000d\000s\000\040\000a\000n\000d\000\040\000D\000a\000t\000a}{subsection.5.8}% 67
\BOOKMARK [3][-]{subsubsection.5.8.2}{\376\377\000W\000r\000i\000t\000i\000n\000g\000\040\000T\000i\000m\000e\000-\000D\000e\000p\000e\000n\000d\000e\000n\000t\000\040\000D\000a\000t\000a}{subsection.5.8}% 68
\BOOKMARK [2][-]{subsection.5.9}{\376\377\000L\000o\000c\000a\000l\000\040\000G\000r\000i\000d\000\040\000A\000d\000a\000p\000t\000i\000v\000i\000t\000y}{section.5}% 69
\BOOKMARK [3][-]{subsubsection.5.9.1}{\376\377\000L\000o\000c\000a\000l\000\040\000G\000r\000i\000d\000\040\000A\000d\000a\000p\000t\000i\000v\000i\000t\000y\000\040\000W\000i\000t\000h\000o\000u\000t\000\040\000D\000a\000t\000a\000\040\000T\000r\000a\000n\000s\000f\000e\000r}{subsection.5.9}% 70
\BOOKMARK [3][-]{subsubsection.5.9.2}{\376\377\000P\000r\000e\000s\000e\000r\000v\000i\000n\000g\000\040\000D\000a\000t\000a\000\040\000A\000c\000r\000o\000s\000s\000\040\000G\000r\000i\000d\000\040\000C\000h\000a\000n\000g\000e\000s}{subsection.5.9}% 71
\BOOKMARK [2][-]{subsection.5.10}{\376\377\000S\000o\000m\000e\000\040\000E\000x\000i\000s\000t\000i\000n\000g\000\040\000G\000r\000i\000d\000\040\000M\000a\000n\000a\000g\000e\000r\000s}{section.5}% 72
\BOOKMARK [3][-]{subsubsection.5.10.1}{\376\377\000E\000x\000t\000e\000r\000n\000a\000l\000\040\000G\000r\000i\000d\000\040\000M\000a\000n\000a\000g\000e\000r\000s}{subsection.5.10}% 73
\BOOKMARK [3][-]{subsubsection.5.10.2}{\376\377\000B\000u\000i\000l\000t\000-\000i\000n\000\040\000S\000t\000a\000n\000d\000a\000l\000o\000n\000e\000\040\000G\000r\000i\000d\000\040\000M\000a\000n\000a\000g\000e\000r\000s}{subsection.5.10}% 74
\BOOKMARK [3][-]{subsubsection.5.10.3}{\376\377\000M\000e\000t\000a\000\040\000G\000r\000i\000d\000s}{subsection.5.10}% 75
\BOOKMARK [1][-]{section.6}{\376\377\000D\000u\000n\000e\000\040\000G\000r\000i\000d\000s\000\040\000o\000n\000\040\000D\000i\000s\000t\000r\000i\000b\000u\000t\000e\000d\000\040\000M\000a\000c\000h\000i\000n\000e\000s}{}% 76
\BOOKMARK [2][-]{subsection.6.1}{\376\377\000T\000h\000e\000\040\000D\000u\000n\000e\000\040\000D\000a\000t\000a\000\040\000D\000e\000c\000o\000m\000p\000o\000s\000i\000t\000i\000o\000n\000\040\000M\000o\000d\000e\000l}{section.6}% 77
\BOOKMARK [2][-]{subsection.6.2}{\376\377\000S\000e\000t\000t\000i\000n\000g\000\040\000u\000p\000\040\000a\000\040\000D\000i\000s\000t\000r\000i\000b\000u\000t\000e\000d\000\040\000G\000r\000i\000d}{section.6}% 78
\BOOKMARK [3][-]{subsubsection.6.2.1}{\376\377\000D\000i\000s\000t\000r\000i\000b\000u\000t\000e\000d\000\040\000S\000t\000r\000u\000c\000t\000u\000r\000e\000d\000\040\000G\000r\000i\000d\000s}{subsection.6.2}% 79
\BOOKMARK [3][-]{subsubsection.6.2.2}{\376\377\000D\000i\000s\000t\000r\000i\000b\000u\000t\000e\000d\000\040\000U\000n\000s\000t\000r\000u\000c\000t\000u\000r\000e\000d\000\040\000G\000r\000i\000d\000s}{subsection.6.2}% 80
\BOOKMARK [2][-]{subsection.6.3}{\376\377\000D\000y\000n\000a\000m\000i\000c\000\040\000L\000o\000a\000d\000-\000B\000a\000l\000a\000n\000c\000i\000n\000g}{section.6}% 81
\BOOKMARK [2][-]{subsection.6.4}{\376\377\000C\000o\000m\000m\000u\000n\000i\000c\000a\000t\000i\000o\000n}{section.6}% 82
\BOOKMARK [3][-]{subsubsection.6.4.1}{\376\377\000S\000u\000b\000d\000o\000m\000a\000i\000n\000\040\000C\000o\000m\000m\000u\000n\000i\000c\000a\000t\000i\000o\000n}{subsection.6.4}% 83
\BOOKMARK [3][-]{subsubsection.6.4.2}{\376\377\000C\000o\000l\000l\000e\000c\000t\000i\000v\000e\000\040\000C\000o\000m\000m\000u\000n\000i\000c\000a\000t\000i\000o\000n}{subsection.6.4}% 84
\BOOKMARK [2][-]{subsection.6.5}{\376\377\000M\000P\000I\000\040\000S\000e\000t\000u\000p\000\040\000w\000i\000t\000h\000\040\000t\000h\000e\000\040\000M\000P\000I\000H\000e\000l\000p\000e\000r\000\040\000C\000l\000a\000s\000s}{section.6}% 85
\BOOKMARK [2][-]{subsection.6.6}{\376\377\000W\000r\000i\000t\000i\000n\000g\000\040\000D\000i\000s\000t\000r\000i\000b\000u\000t\000e\000d\000\040\000G\000r\000i\000d\000s\000\040\000t\000o\000\040\000V\000T\000K\000\040\000F\000i\000l\000e\000s}{section.6}% 86
\BOOKMARK [2][-]{subsection.6.7}{\376\377\000E\000x\000a\000m\000p\000l\000e\000:\000\040\000T\000h\000e\000\040\000P\000o\000i\000s\000s\000o\000n\000\040\000E\000q\000u\000a\000t\000i\000o\000n\000\040\000o\000n\000\040\000a\000\040\000D\000i\000s\000t\000r\000i\000b\000u\000t\000e\000d\000\040\000G\000r\000i\000d}{section.6}% 87
\BOOKMARK [3][-]{subsubsection.6.7.1}{\376\377\000S\000e\000t\000t\000i\000n\000g\000\040\000u\000p\000\040\000t\000h\000e\000\040\000D\000i\000s\000t\000r\000i\000b\000u\000t\000e\000d\000\040\000A\000l\000g\000e\000b\000r\000a\000i\000c\000\040\000P\000r\000o\000b\000l\000e\000m}{subsection.6.7}% 88
\BOOKMARK [3][-]{subsubsection.6.7.2}{\376\377\000T\000h\000e\000\040\000D\000i\000s\000t\000r\000i\000b\000u\000t\000e\000d\000\040\000P\000r\000e\000c\000o\000n\000d\000i\000t\000i\000o\000n\000e\000d\000\040\000C\000G\000\040\000M\000e\000t\000h\000o\000d}{subsection.6.7}% 89
\BOOKMARK [3][-]{subsubsection.6.7.3}{\376\377\000R\000u\000n\000n\000i\000n\000g\000\040\000t\000h\000e\000\040\000P\000r\000o\000g\000r\000a\000m}{subsection.6.7}% 90
\BOOKMARK [1][-]{section.7}{\376\377\000L\000i\000n\000e\000a\000r\000\040\000A\000l\000g\000e\000b\000r\000a\000\040\000w\000i\000t\000h\000\040\000`\000d\000u\000n\000e\000-\000i\000s\000t\000l\000`}{}% 91
\BOOKMARK [2][-]{subsection.7.1}{\376\377\000C\000o\000n\000s\000t\000r\000u\000c\000t\000i\000n\000g\000\040\000M\000a\000t\000r\000i\000x\000\040\000a\000n\000d\000\040\000V\000e\000c\000t\000o\000r\000\040\000T\000y\000p\000e\000s\000\040\000b\000y\000\040\000N\000e\000s\000t\000i\000n\000g}{section.7}% 92
\BOOKMARK [2][-]{subsection.7.2}{\376\377\000D\000a\000t\000a\000\040\000S\000t\000r\000u\000c\000t\000u\000r\000e\000s\000\040\000f\000o\000r\000\040\000V\000e\000c\000t\000o\000r\000s}{section.7}% 93
\BOOKMARK [3][-]{subsubsection.7.2.1}{\376\377\000A\000b\000s\000t\000r\000a\000c\000t\000\040\000I\000n\000t\000e\000r\000f\000a\000c\000e}{subsection.7.2}% 94
\BOOKMARK [3][-]{subsubsection.7.2.2}{\376\377\000V\000e\000c\000t\000o\000r\000\040\000I\000m\000p\000l\000e\000m\000e\000n\000t\000a\000t\000i\000o\000n\000s}{subsection.7.2}% 95
\BOOKMARK [2][-]{subsection.7.3}{\376\377\000D\000a\000t\000a\000\040\000S\000t\000r\000u\000c\000t\000u\000r\000e\000s\000\040\000f\000o\000r\000\040\000M\000a\000t\000r\000i\000c\000e\000s}{section.7}% 96
\BOOKMARK [3][-]{subsubsection.7.3.1}{\376\377\000A\000b\000s\000t\000r\000a\000c\000t\000\040\000I\000n\000t\000e\000r\000f\000a\000c\000e}{subsection.7.3}% 97
\BOOKMARK [3][-]{subsubsection.7.3.2}{\376\377\000M\000a\000t\000r\000i\000x\000\040\000I\000m\000p\000l\000e\000m\000e\000n\000t\000a\000t\000i\000o\000n\000s}{subsection.7.3}% 98
\BOOKMARK [2][-]{subsection.7.4}{\376\377\000S\000o\000l\000v\000e\000r\000s\000\040\000a\000n\000d\000\040\000P\000r\000e\000c\000o\000n\000d\000i\000t\000i\000o\000n\000e\000r\000s}{section.7}% 99
\BOOKMARK [3][-]{subsubsection.7.4.1}{\376\377\000S\000o\000l\000v\000e\000r\000s}{subsection.7.4}% 100
\BOOKMARK [3][-]{subsubsection.7.4.2}{\376\377\000P\000r\000e\000c\000o\000n\000d\000i\000t\000i\000o\000n\000e\000r\000s}{subsection.7.4}% 101
\BOOKMARK [3][-]{subsubsection.7.4.3}{\376\377\000D\000i\000s\000t\000r\000i\000b\000u\000t\000e\000d\000\040\000S\000o\000l\000v\000e\000r\000s}{subsection.7.4}% 102
\BOOKMARK [3][-]{subsubsection.7.4.4}{\376\377\000E\000x\000a\000m\000p\000l\000e\000:\000\040\000S\000o\000l\000v\000i\000n\000g\000\040\000t\000h\000e\000\040\000P\000o\000i\000s\000s\000o\000n\000\040\000E\000q\000u\000a\000t\000i\000o\000n\000\040\000w\000i\000t\000h\000\040\000a\000\040\000D\000i\000s\000t\000r\000i\000b\000u\000t\000e\000d\000\040\000P\000r\000e\000c\000o\000n\000d\000i\000t\000i\000o\000n\000e\000d\000\040\000C\000G\000\040\000M\000e\000t\000h\000o\000d}{subsection.7.4}% 103
\BOOKMARK [2][-]{subsection.7.5}{\376\377\000T\000h\000e\000\040\000A\000l\000g\000e\000b\000r\000a\000i\000c\000\040\000M\000u\000l\000t\000i\000g\000r\000i\000d\000\040\000`\000P\000r\000e\000c\000o\000n\000d\000i\000t\000i\000o\000n\000e\000r\000`}{section.7}% 104
\BOOKMARK [3][-]{subsubsection.7.5.1}{\376\377\000A\000g\000g\000l\000o\000m\000e\000r\000a\000t\000i\000o\000n\000\040\000A\000M\000G}{subsection.7.5}% 105
\BOOKMARK [3][-]{subsubsection.7.5.2}{\376\377\000T\000h\000e\000\040\000`\000d\000u\000n\000e\000-\000i\000s\000t\000l\000`\000\040\000I\000m\000p\000l\000e\000m\000e\000n\000t\000a\000t\000i\000o\000n\000\040\000o\000f\000\040\000A\000M\000G}{subsection.7.5}% 106
\BOOKMARK [3][-]{subsubsection.7.5.3}{\376\377\000E\000x\000a\000m\000p\000l\000e\000:\000\040\000S\000e\000q\000u\000e\000n\000t\000i\000a\000l\000\040\000A\000l\000g\000e\000b\000r\000a\000i\000c\000\040\000M\000u\000l\000t\000i\000g\000r\000i\000d}{subsection.7.5}% 107
\BOOKMARK [1][-]{section.8}{\376\377\000L\000o\000c\000a\000l\000\040\000F\000i\000n\000i\000t\000e\000\040\000E\000l\000e\000m\000e\000n\000t\000s\000\040\000a\000n\000d\000\040\000t\000h\000e\000\040\000`\000d\000u\000n\000e\000-\000l\000o\000c\000a\000l\000f\000u\000n\000c\000t\000i\000o\000n\000s\000`\000\040\000M\000o\000d\000u\000l\000e}{}% 108
\BOOKMARK [2][-]{subsection.8.1}{\376\377\000F\000i\000n\000i\000t\000e\000\040\000E\000l\000e\000m\000e\000n\000t\000s\000\040\000a\000n\000d\000\040\000A\000f\000f\000i\000n\000e\000\040\000F\000a\000m\000i\000l\000i\000e\000s}{section.8}% 109
\BOOKMARK [2][-]{subsection.8.2}{\376\377\000T\000h\000e\000\040\000I\000n\000t\000e\000r\000f\000a\000c\000e\000\040\000f\000o\000r\000\040\000F\000i\000n\000i\000t\000e\000\040\000E\000l\000e\000m\000e\000n\000t\000s\000\040\000D\000e\000f\000i\000n\000e\000d\000\040\000o\000n\000\040\000t\000h\000e\000\040\000R\000e\000f\000e\000r\000e\000n\000c\000e\000\040\000E\000l\000e\000m\000e\000n\000t}{section.8}% 110
\BOOKMARK [3][-]{subsubsection.8.2.1}{\376\377\000S\000h\000a\000p\000e\000\040\000F\000u\000n\000c\000t\000i\000o\000n\000s\000\040\000a\000n\000d\000\040\000t\000h\000e\000\040\000`\000L\000o\000c\000a\000l\000B\000a\000s\000i\000s\000`\000\040\000I\000n\000t\000e\000r\000f\000a\000c\000e}{subsection.8.2}% 111
\BOOKMARK [3][-]{subsubsection.8.2.2}{\376\377\000D\000e\000g\000r\000e\000e\000s\000\040\000o\000f\000\040\000F\000r\000e\000e\000d\000o\000m\000\040\000a\000n\000d\000\040\000t\000h\000e\000\040\000`\000L\000o\000c\000a\000l\000I\000n\000t\000e\000r\000p\000o\000l\000a\000t\000i\000o\000n\000`\000\040\000I\000n\000t\000e\000r\000f\000a\000c\000e}{subsection.8.2}% 112
\BOOKMARK [3][-]{subsubsection.8.2.3}{\376\377\000S\000u\000b\000e\000n\000t\000i\000t\000y\000\040\000A\000s\000s\000i\000g\000n\000m\000e\000n\000t\000s\000\040\000a\000n\000d\000\040\000t\000h\000e\000\040\000L\000o\000c\000a\000l\000C\000o\000e\000f\000f\000i\000c\000i\000e\000n\000t\000s\000\040\000I\000n\000t\000e\000r\000f\000a\000c\000e}{subsection.8.2}% 113
\BOOKMARK [2][-]{subsection.8.3}{\376\377\000I\000m\000p\000l\000e\000m\000e\000n\000t\000a\000t\000i\000o\000n\000s\000\040\000o\000f\000\040\000t\000h\000e\000\040\000L\000o\000c\000a\000l\000\040\000F\000i\000n\000i\000t\000e\000\040\000E\000l\000e\000m\000e\000n\000t\000\040\000I\000n\000t\000e\000r\000f\000a\000c\000e}{section.8}% 114
\BOOKMARK [3][-]{subsubsection.8.3.1}{\376\377\000A\000f\000f\000i\000n\000e\000-\000E\000q\000u\000i\000v\000a\000l\000e\000n\000t\000\040\000F\000i\000n\000i\000t\000e\000\040\000E\000l\000e\000m\000e\000n\000t\000s}{subsection.8.3}% 115
\BOOKMARK [3][-]{subsubsection.8.3.2}{\376\377\000F\000i\000n\000i\000t\000e\000\040\000E\000l\000e\000m\000e\000n\000t\000s\000\040\000t\000h\000a\000t\000\040\000a\000r\000e\000\040\000n\000o\000t\000\040\000A\000f\000f\000i\000n\000e\000-\000E\000q\000u\000i\000v\000a\000l\000e\000n\000t}{subsection.8.3}% 116
\BOOKMARK [2][-]{subsection.8.4}{\376\377\000R\000u\000n\000-\000T\000i\000m\000e\000\040\000S\000e\000l\000e\000c\000t\000i\000o\000n\000\040\000o\000f\000\040\000L\000o\000c\000a\000l\000\040\000F\000i\000n\000i\000t\000e\000\040\000E\000l\000e\000m\000e\000n\000t\000s}{section.8}% 117
\BOOKMARK [1][-]{section.9}{\376\377\000Q\000u\000a\000d\000r\000a\000t\000u\000r\000e\000\040\000R\000u\000l\000e\000s}{}% 118
\BOOKMARK [2][-]{subsection.9.1}{\376\377\000N\000u\000m\000e\000r\000i\000c\000a\000l\000\040\000I\000n\000t\000e\000g\000r\000a\000t\000i\000o\000n}{section.9}% 119
\BOOKMARK [3][-]{subsubsection.9.1.1}{\376\377\000O\000n\000e\000-\000D\000i\000m\000e\000n\000s\000i\000o\000n\000a\000l\000\040\000I\000n\000t\000e\000g\000r\000a\000t\000i\000o\000n}{subsection.9.1}% 120
\BOOKMARK [3][-]{subsubsection.9.1.2}{\376\377\000M\000u\000l\000t\000i\000-\000D\000i\000m\000e\000n\000s\000i\000o\000n\000a\000l\000\040\000I\000n\000t\000e\000g\000r\000a\000l\000s}{subsection.9.1}% 121
\BOOKMARK [2][-]{subsection.9.2}{\376\377\000T\000h\000e\000\040\000D\000u\000n\000e\000\040\000Q\000u\000a\000d\000r\000a\000t\000u\000r\000e\000\040\000R\000u\000l\000e\000\040\000I\000n\000t\000e\000r\000f\000a\000c\000e}{section.9}% 122
\BOOKMARK [1][-]{section.10}{\376\377\000F\000u\000n\000c\000t\000i\000o\000n\000\040\000S\000p\000a\000c\000e\000\040\000B\000a\000s\000e\000s\000\040\000a\000n\000d\000\040\000D\000i\000s\000c\000r\000e\000t\000e\000\040\000F\000u\000n\000c\000t\000i\000o\000n\000s}{}% 123
\BOOKMARK [2][-]{subsection.10.1}{\376\377\000F\000u\000n\000c\000t\000i\000o\000n\000\040\000S\000p\000a\000c\000e\000\040\000B\000a\000s\000e\000s}{section.10}% 124
\BOOKMARK [3][-]{subsubsection.10.1.1}{\376\377\000T\000r\000e\000e\000s\000\040\000o\000f\000\040\000F\000u\000n\000c\000t\000i\000o\000n\000\040\000S\000p\000a\000c\000e\000s}{subsection.10.1}% 125
\BOOKMARK [3][-]{subsubsection.10.1.2}{\376\377\000T\000r\000e\000e\000s\000\040\000o\000f\000\040\000F\000u\000n\000c\000t\000i\000o\000n\000\040\000S\000p\000a\000c\000e\000\040\000b\000a\000s\000e\000s}{subsection.10.1}% 126
\BOOKMARK [3][-]{subsubsection.10.1.3}{\376\377\000I\000n\000d\000e\000x\000i\000n\000g\000\040\000B\000a\000s\000i\000s\000\040\000F\000u\000n\000c\000t\000i\000o\000n\000s\000\040\000b\000y\000\040\000M\000u\000l\000t\000i\000-\000I\000n\000d\000i\000c\000e\000s}{subsection.10.1}% 127
\BOOKMARK [3][-]{subsubsection.10.1.4}{\376\377\000S\000t\000r\000a\000t\000e\000g\000y\000-\000B\000a\000s\000e\000d\000\040\000C\000o\000n\000s\000t\000r\000u\000c\000t\000i\000o\000n\000\040\000o\000f\000\040\000M\000u\000l\000t\000i\000-\000I\000n\000d\000i\000c\000e\000s}{subsection.10.1}% 128
\BOOKMARK [3][-]{subsubsection.10.1.5}{\376\377\000L\000o\000c\000a\000l\000i\000z\000a\000t\000i\000o\000n\000\040\000t\000o\000\040\000S\000i\000n\000g\000l\000e\000\040\000G\000r\000i\000d\000\040\000`\000E\000l\000e\000m\000e\000n\000t\000s\000`}{subsection.10.1}% 129
\BOOKMARK [2][-]{subsection.10.2}{\376\377\000P\000r\000o\000g\000r\000a\000m\000m\000i\000n\000g\000\040\000I\000n\000t\000e\000r\000f\000a\000c\000e\000\040\000f\000o\000r\000\040\000F\000u\000n\000c\000t\000i\000o\000n\000\040\000S\000p\000a\000c\000e\000\040\000B\000a\000s\000e\000s}{section.10}% 130
\BOOKMARK [3][-]{subsubsection.10.2.1}{\376\377\000T\000h\000e\000\040\000I\000n\000t\000e\000r\000f\000a\000c\000e\000\040\000f\000o\000r\000\040\000G\000l\000o\000b\000a\000l\000\040\000F\000u\000n\000c\000t\000i\000o\000n\000\040\000S\000p\000a\000c\000e\000\040\000B\000a\000s\000e\000s}{subsection.10.2}% 131
\BOOKMARK [3][-]{subsubsection.10.2.2}{\376\377\000T\000h\000e\000\040\000I\000n\000t\000e\000r\000f\000a\000c\000e\000\040\000f\000o\000r\000\040\000t\000h\000e\000\040\000L\000o\000c\000a\000l\000i\000z\000e\000d\000\040\000B\000a\000s\000i\000s}{subsection.10.2}% 132
\BOOKMARK [3][-]{subsubsection.10.2.3}{\376\377\000T\000h\000e\000\040\000I\000n\000t\000e\000r\000f\000a\000c\000e\000\040\000f\000o\000r\000\040\000t\000h\000e\000\040\000T\000r\000e\000e\000\040\000o\000f\000\040\000L\000o\000c\000a\000l\000\040\000B\000a\000s\000e\000s}{subsection.10.2}% 133
\BOOKMARK [3][-]{subsubsection.10.2.4}{\376\377\000M\000u\000l\000t\000i\000-\000I\000n\000d\000i\000c\000e\000s}{subsection.10.2}% 134
\BOOKMARK [2][-]{subsection.10.3}{\376\377\000C\000o\000n\000s\000t\000r\000u\000c\000t\000i\000n\000g\000\040\000T\000r\000e\000e\000s\000\040\000o\000f\000\040\000F\000u\000n\000c\000t\000i\000o\000n\000\040\000S\000p\000a\000c\000e\000\040\000B\000a\000s\000e\000s}{section.10}% 135
\BOOKMARK [3][-]{subsubsection.10.3.1}{\376\377\000B\000a\000s\000i\000s\000\040\000I\000m\000p\000l\000e\000m\000e\000n\000t\000a\000t\000i\000o\000n\000s\000\040\000P\000r\000o\000v\000i\000d\000e\000d\000\040\000b\000y\000\040\000`\000d\000u\000n\000e\000-\000f\000u\000n\000c\000t\000i\000o\000n\000s\000`}{subsection.10.3}% 136
\BOOKMARK [3][-]{subsubsection.10.3.2}{\376\377\000C\000o\000m\000b\000i\000n\000i\000n\000g\000\040\000B\000a\000s\000e\000s\000\040\000i\000n\000t\000o\000\040\000T\000r\000e\000e\000s}{subsection.10.3}% 137
\BOOKMARK [2][-]{subsection.10.4}{\376\377\000T\000r\000e\000a\000t\000i\000n\000g\000\040\000S\000u\000b\000t\000r\000e\000e\000s\000\040\000a\000s\000\040\000S\000e\000p\000a\000r\000a\000t\000e\000\040\000B\000a\000s\000e\000s}{section.10}% 138
\BOOKMARK [2][-]{subsection.10.5}{\376\377\000F\000u\000n\000c\000t\000i\000o\000n\000s}{section.10}% 139
\BOOKMARK [3][-]{subsubsection.10.5.1}{\376\377\000F\000u\000n\000c\000t\000i\000o\000n\000\040\000O\000b\000j\000e\000c\000t\000s\000\040\000a\000n\000d\000\040\000F\000u\000n\000c\000t\000i\000o\000n\000s}{subsection.10.5}% 140
\BOOKMARK [3][-]{subsubsection.10.5.2}{\376\377\000T\000y\000p\000e\000\040\000E\000r\000a\000s\000u\000r\000e\000\040\000a\000n\000d\000\040\000`\000s\000t\000d\000:\000:\000f\000u\000n\000c\000t\000i\000o\000n\000`}{subsection.10.5}% 141
\BOOKMARK [3][-]{subsubsection.10.5.3}{\376\377\000D\000i\000f\000f\000e\000r\000e\000n\000t\000i\000a\000b\000l\000e\000\040\000F\000u\000n\000c\000t\000i\000o\000n\000s}{subsection.10.5}% 142
\BOOKMARK [3][-]{subsubsection.10.5.4}{\376\377\000`\000G\000r\000i\000d\000V\000i\000e\000w\000`\000\040\000F\000u\000n\000c\000t\000i\000o\000n\000s\000\040\000a\000n\000d\000\040\000L\000o\000c\000a\000l\000\040\000F\000u\000n\000c\000t\000i\000o\000n\000s}{subsection.10.5}% 143
\BOOKMARK [2][-]{subsection.10.6}{\376\377\000C\000o\000m\000b\000i\000n\000i\000n\000g\000\040\000G\000l\000o\000b\000a\000l\000\040\000B\000a\000s\000e\000s\000\040\000a\000n\000d\000\040\000C\000o\000e\000f\000f\000i\000c\000i\000e\000n\000t\000\040\000V\000e\000c\000t\000o\000r\000s}{section.10}% 144
\BOOKMARK [3][-]{subsubsection.10.6.1}{\376\377\000V\000e\000c\000t\000o\000r\000\040\000B\000a\000c\000k\000e\000n\000d\000s}{subsection.10.6}% 145
\BOOKMARK [3][-]{subsubsection.10.6.2}{\376\377\000I\000n\000t\000e\000r\000p\000r\000e\000t\000i\000n\000g\000\040\000C\000o\000e\000f\000f\000i\000c\000i\000e\000n\000t\000\040\000V\000e\000c\000t\000o\000r\000s\000\040\000a\000s\000\040\000F\000i\000n\000i\000t\000e\000\040\000E\000l\000e\000m\000e\000n\000t\000\040\000F\000u\000n\000c\000t\000i\000o\000n\000s}{subsection.10.6}% 146
\BOOKMARK [3][-]{subsubsection.10.6.3}{\376\377\000I\000n\000t\000e\000r\000p\000o\000l\000a\000t\000i\000o\000n}{subsection.10.6}% 147
\BOOKMARK [2][-]{subsection.10.7}{\376\377\000W\000r\000i\000t\000i\000n\000g\000\040\000F\000u\000n\000c\000t\000i\000o\000n\000s\000\040\000t\000o\000\040\000a\000\040\000V\000T\000K\000\040\000F\000i\000l\000e}{section.10}% 148
\BOOKMARK [2][-]{subsection.10.8}{\376\377\000E\000x\000a\000m\000p\000l\000e\000:\000\040\000S\000o\000l\000v\000i\000n\000g\000\040\000t\000h\000e\000`\000\040\000S\000t\000o\000k\000e\000s\000\040\000E\000q\000u\000a\000t\000i\000o\000n\000`\000\040\000w\000i\000t\000h\000\040\000`\000d\000u\000n\000e\000-\000f\000u\000n\000c\000t\000i\000o\000n\000s\000`}{section.10}% 149
\BOOKMARK [3][-]{subsubsection.10.8.1}{\376\377\000T\000h\000e\000\040\000S\000t\000o\000k\000e\000s\000\040\000E\000q\000u\000a\000t\000i\000o\000n}{subsection.10.8}% 150
\BOOKMARK [3][-]{subsubsection.10.8.2}{\376\377\000T\000h\000e\000\040\000D\000r\000i\000v\000e\000n\000-\000C\000a\000v\000i\000t\000y\000\040\000B\000e\000n\000c\000h\000m\000a\000r\000k}{subsection.10.8}% 151
\BOOKMARK [3][-]{subsubsection.10.8.3}{\376\377\000I\000m\000p\000l\000e\000m\000e\000n\000t\000a\000t\000i\000o\000n}{subsection.10.8}% 152
\BOOKMARK [1][-]{section.11}{\376\377\000D\000i\000s\000c\000r\000e\000t\000i\000z\000i\000n\000g\000\040\000P\000a\000r\000t\000i\000a\000l\000\040\000D\000i\000f\000f\000e\000r\000e\000n\000t\000i\000a\000l\000\040\000E\000q\000u\000a\000t\000i\000o\000n\000s\000\040\000w\000i\000t\000h\000\040\000`\000d\000u\000n\000e\000-\000p\000d\000e\000l\000a\000b\000`}{}% 153
\BOOKMARK [2][-]{subsection.11.1}{\376\377\000E\000x\000a\000m\000p\000l\000e\000:\000\040\000L\000i\000n\000e\000a\000r\000\040\000R\000e\000a\000c\000t\000i\000o\000n\000-\000D\000i\000f\000f\000u\000s\000i\000o\000n\000\040\000E\000q\000u\000a\000t\000i\000o\000n}{section.11}% 154
\BOOKMARK [2][-]{subsection.11.2}{\376\377\000I\000m\000p\000l\000e\000m\000e\000n\000t\000i\000n\000g\000\040\000E\000l\000e\000m\000e\000n\000t\000\040\000A\000s\000s\000e\000m\000b\000l\000e\000r\000s}{section.11}% 155
\BOOKMARK [3][-]{subsubsection.11.2.1}{\376\377\000T\000h\000e\000\040\000R\000e\000s\000i\000d\000u\000a\000l\000\040\000F\000o\000r\000m\000u\000l\000a\000t\000i\000o\000n}{subsection.11.2}% 156
\BOOKMARK [3][-]{subsubsection.11.2.2}{\376\377\000A\000s\000s\000e\000m\000b\000l\000i\000n\000g\000\040\000E\000l\000e\000m\000e\000n\000t\000\040\000R\000e\000s\000i\000d\000u\000a\000l\000s\000\040\000a\000n\000d\000\040\000T\000h\000e\000i\000r\000\040\000D\000e\000r\000i\000v\000a\000t\000i\000v\000e\000s}{subsection.11.2}% 157
\BOOKMARK [3][-]{subsubsection.11.2.3}{\376\377\000I\000m\000p\000l\000e\000m\000e\000n\000t\000i\000n\000g\000\040\000E\000l\000e\000m\000e\000n\000t\000\040\000A\000s\000s\000e\000m\000b\000l\000e\000r\000s\000:\000\040\000T\000h\000e\000\040\000`\000L\000o\000c\000a\000l\0000\000p\000e\000r\000a\000t\000o\000r\000`\000\040\000I\000n\000t\000e\000r\000f\000a\000c\000e}{subsection.11.2}% 158
\BOOKMARK [3][-]{subsubsection.11.2.4}{\376\377\000E\000x\000a\000m\000p\000l\000e\000:\000\040\000T\000h\000e\000\040\000`\000p\000-\000L\000a\000p\000l\000a\000c\000e\000`\000\040\000E\000q\000u\000a\000t\000i\000o\000n\000\040\000w\000i\000t\000h\000\040\000a\000\040\000R\000e\000a\000c\000t\000i\000o\000n\000\040\000T\000e\000r\000m}{subsection.11.2}% 159
\BOOKMARK [3][-]{subsubsection.11.2.5}{\376\377\000S\000k\000e\000l\000e\000t\000o\000n\000\040\000a\000n\000d\000\040\000B\000o\000u\000n\000d\000a\000r\000y\000\040\000I\000n\000t\000e\000g\000r\000a\000l\000s}{subsection.11.2}% 160
\BOOKMARK [3][-]{subsubsection.11.2.6}{\376\377\000E\000x\000a\000m\000p\000l\000e\000:\000\040\000D\000i\000s\000c\000o\000n\000t\000i\000n\000u\000o\000u\000s\000\040\000G\000a\000l\000e\000r\000k\000i\000n\000\040\000M\000e\000t\000h\000o\000d\000s}{subsection.11.2}% 161
\BOOKMARK [2][-]{subsection.11.3}{\376\377\000D\000i\000r\000i\000c\000h\000l\000e\000t\000\040\000B\000o\000u\000n\000d\000a\000r\000y\000\040\000C\000o\000n\000d\000i\000t\000i\000o\000n\000s}{section.11}% 162
\BOOKMARK [3][-]{subsubsection.11.3.1}{\376\377\000D\000i\000r\000i\000c\000h\000l\000e\000t\000\040\000B\000o\000u\000n\000d\000a\000r\000y\000\040\000C\000o\000n\000d\000i\000t\000i\000o\000n\000s\000\040\000a\000n\000d\000\040\000t\000h\000e\000\040\000R\000e\000s\000i\000d\000u\000a\000l\000\040\000F\000o\000r\000m}{subsection.11.3}% 163
\BOOKMARK [3][-]{subsubsection.11.3.2}{\376\377\000E\000x\000a\000m\000p\000l\000e\000:\000\040\000T\000h\000e\000\040\000P\000o\000i\000s\000s\000o\000n\000\040\000E\000q\000u\000a\000t\000i\000o\000n\000\040\000w\000i\000t\000h\000\040\000`\000D\000i\000r\000i\000c\000h\000l\000e\000t\000`\000\040\000B\000o\000u\000n\000d\000a\000r\000y\000\040\000C\000o\000n\000d\000i\000t\000i\000o\000n\000s}{subsection.11.3}% 164
